<?xml version="1.0" encoding="UTF-8"?>
<robot generator="Robot 7.0 (Python 3.12.2 on win32)" generated="2024-06-16T12:11:20.418858" rpa="false" schemaversion="5">
<suite id="s1" name="Desafio" source="C:\Users\Marillia\Desktop\Prime Hero Academy\desafio-segunda-semana\desafio.robot">
<test id="s1-t1" name="Exercicio dicionario" line="9">
<kw name="Exibir informacoes do usuário">
<kw name="Log" owner="BuiltIn">
<msg time="2024-06-16T12:11:20.461383" level="INFO">Nome: Saimon Teste</msg>
<arg>Nome: ${INFORMACOES.nome}</arg>
<doc>Logs the given message with the given level.</doc>
<status status="PASS" start="2024-06-16T12:11:20.461383" elapsed="0.000000"/>
</kw>
<kw name="Log" owner="BuiltIn">
<msg time="2024-06-16T12:11:20.462387" level="INFO">Idade: 21</msg>
<arg>Idade: ${INFORMACOES.idade}</arg>
<doc>Logs the given message with the given level.</doc>
<status status="PASS" start="2024-06-16T12:11:20.462387" elapsed="0.000000"/>
</kw>
<kw name="Log" owner="BuiltIn">
<msg time="2024-06-16T12:11:20.463386" level="INFO">Número: 85 0000-0000</msg>
<arg>Número: ${INFORMACOES.numero}</arg>
<doc>Logs the given message with the given level.</doc>
<status status="PASS" start="2024-06-16T12:11:20.462387" elapsed="0.000999"/>
</kw>
<kw name="Log" owner="BuiltIn">
<msg time="2024-06-16T12:11:20.463386" level="INFO">CEP: 60410622</msg>
<arg>CEP: ${INFORMACOES.cep}</arg>
<doc>Logs the given message with the given level.</doc>
<status status="PASS" start="2024-06-16T12:11:20.463386" elapsed="0.000000"/>
</kw>
<kw name="Log" owner="BuiltIn">
<msg time="2024-06-16T12:11:20.464386" level="INFO">Bairro: Aldeota</msg>
<arg>Bairro: ${INFORMACOES.bairro}</arg>
<doc>Logs the given message with the given level.</doc>
<status status="PASS" start="2024-06-16T12:11:20.464386" elapsed="0.000000"/>
</kw>
<kw name="Log" owner="BuiltIn">
<msg time="2024-06-16T12:11:20.465387" level="INFO">Cidade: Fortaleza</msg>
<arg>Cidade: ${INFORMACOES.cidade}</arg>
<doc>Logs the given message with the given level.</doc>
<status status="PASS" start="2024-06-16T12:11:20.464386" elapsed="0.001001"/>
</kw>
<kw name="Log" owner="BuiltIn">
<msg time="2024-06-16T12:11:20.465387" level="INFO">Estado: CE</msg>
<arg>Estado: ${INFORMACOES.estado}</arg>
<doc>Logs the given message with the given level.</doc>
<status status="PASS" start="2024-06-16T12:11:20.465387" elapsed="0.001000"/>
</kw>
<status status="PASS" start="2024-06-16T12:11:20.460387" elapsed="0.006000"/>
</kw>
<status status="PASS" start="2024-06-16T12:11:20.459382" elapsed="0.008003"/>
</test>
<test id="s1-t2" name="Exercicio For in Range" line="44">
<kw name="Contar numeros pares">
<kw name="Set Variable" owner="BuiltIn">
<msg time="2024-06-16T12:11:20.470384" level="INFO">${numerosPares} = 0</msg>
<var>${numerosPares}</var>
<arg>0</arg>
<doc>Returns the given values which can then be assigned to a variables.</doc>
<status status="PASS" start="2024-06-16T12:11:20.470384" elapsed="0.000000"/>
</kw>
<for flavor="IN RANGE">
<iter>
<if>
<branch type="IF" condition="${indice} % 2 == 0">
<kw name="Evaluate" owner="BuiltIn">
<msg time="2024-06-16T12:11:20.471384" level="INFO">${numerosPares} = 1</msg>
<var>${numerosPares}</var>
<arg>${numerosPares} + 1</arg>
<doc>Evaluates the given expression in Python and returns the result.</doc>
<status status="PASS" start="2024-06-16T12:11:20.471384" elapsed="0.000000"/>
</kw>
<status status="PASS" start="2024-06-16T12:11:20.471384" elapsed="0.000000"/>
</branch>
<status status="PASS" start="2024-06-16T12:11:20.471384" elapsed="0.000000"/>
</if>
<var name="${indice}">0</var>
<status status="PASS" start="2024-06-16T12:11:20.471384" elapsed="0.000000"/>
</iter>
<iter>
<if>
<branch type="IF" condition="${indice} % 2 == 0">
<kw name="Evaluate" owner="BuiltIn">
<var>${numerosPares}</var>
<arg>${numerosPares} + 1</arg>
<doc>Evaluates the given expression in Python and returns the result.</doc>
<status status="NOT RUN" start="2024-06-16T12:11:20.472381" elapsed="0.000000"/>
</kw>
<status status="NOT RUN" start="2024-06-16T12:11:20.472381" elapsed="0.000000"/>
</branch>
<status status="PASS" start="2024-06-16T12:11:20.472381" elapsed="0.000000"/>
</if>
<var name="${indice}">1</var>
<status status="PASS" start="2024-06-16T12:11:20.472381" elapsed="0.000000"/>
</iter>
<iter>
<if>
<branch type="IF" condition="${indice} % 2 == 0">
<kw name="Evaluate" owner="BuiltIn">
<msg time="2024-06-16T12:11:20.473380" level="INFO">${numerosPares} = 2</msg>
<var>${numerosPares}</var>
<arg>${numerosPares} + 1</arg>
<doc>Evaluates the given expression in Python and returns the result.</doc>
<status status="PASS" start="2024-06-16T12:11:20.472381" elapsed="0.000999"/>
</kw>
<status status="PASS" start="2024-06-16T12:11:20.472381" elapsed="0.000999"/>
</branch>
<status status="PASS" start="2024-06-16T12:11:20.472381" elapsed="0.000999"/>
</if>
<var name="${indice}">2</var>
<status status="PASS" start="2024-06-16T12:11:20.472381" elapsed="0.000999"/>
</iter>
<iter>
<if>
<branch type="IF" condition="${indice} % 2 == 0">
<kw name="Evaluate" owner="BuiltIn">
<var>${numerosPares}</var>
<arg>${numerosPares} + 1</arg>
<doc>Evaluates the given expression in Python and returns the result.</doc>
<status status="NOT RUN" start="2024-06-16T12:11:20.473380" elapsed="0.000000"/>
</kw>
<status status="NOT RUN" start="2024-06-16T12:11:20.473380" elapsed="0.000000"/>
</branch>
<status status="PASS" start="2024-06-16T12:11:20.473380" elapsed="0.000000"/>
</if>
<var name="${indice}">3</var>
<status status="PASS" start="2024-06-16T12:11:20.473380" elapsed="0.000000"/>
</iter>
<iter>
<if>
<branch type="IF" condition="${indice} % 2 == 0">
<kw name="Evaluate" owner="BuiltIn">
<msg time="2024-06-16T12:11:20.474380" level="INFO">${numerosPares} = 3</msg>
<var>${numerosPares}</var>
<arg>${numerosPares} + 1</arg>
<doc>Evaluates the given expression in Python and returns the result.</doc>
<status status="PASS" start="2024-06-16T12:11:20.474380" elapsed="0.000000"/>
</kw>
<status status="PASS" start="2024-06-16T12:11:20.473380" elapsed="0.001000"/>
</branch>
<status status="PASS" start="2024-06-16T12:11:20.473380" elapsed="0.001000"/>
</if>
<var name="${indice}">4</var>
<status status="PASS" start="2024-06-16T12:11:20.473380" elapsed="0.001000"/>
</iter>
<iter>
<if>
<branch type="IF" condition="${indice} % 2 == 0">
<kw name="Evaluate" owner="BuiltIn">
<var>${numerosPares}</var>
<arg>${numerosPares} + 1</arg>
<doc>Evaluates the given expression in Python and returns the result.</doc>
<status status="NOT RUN" start="2024-06-16T12:11:20.474380" elapsed="0.000000"/>
</kw>
<status status="NOT RUN" start="2024-06-16T12:11:20.474380" elapsed="0.000000"/>
</branch>
<status status="PASS" start="2024-06-16T12:11:20.474380" elapsed="0.000000"/>
</if>
<var name="${indice}">5</var>
<status status="PASS" start="2024-06-16T12:11:20.474380" elapsed="0.000000"/>
</iter>
<iter>
<if>
<branch type="IF" condition="${indice} % 2 == 0">
<kw name="Evaluate" owner="BuiltIn">
<msg time="2024-06-16T12:11:20.475380" level="INFO">${numerosPares} = 4</msg>
<var>${numerosPares}</var>
<arg>${numerosPares} + 1</arg>
<doc>Evaluates the given expression in Python and returns the result.</doc>
<status status="PASS" start="2024-06-16T12:11:20.475380" elapsed="0.000000"/>
</kw>
<status status="PASS" start="2024-06-16T12:11:20.475380" elapsed="0.000000"/>
</branch>
<status status="PASS" start="2024-06-16T12:11:20.475380" elapsed="0.000000"/>
</if>
<var name="${indice}">6</var>
<status status="PASS" start="2024-06-16T12:11:20.474380" elapsed="0.001000"/>
</iter>
<iter>
<if>
<branch type="IF" condition="${indice} % 2 == 0">
<kw name="Evaluate" owner="BuiltIn">
<var>${numerosPares}</var>
<arg>${numerosPares} + 1</arg>
<doc>Evaluates the given expression in Python and returns the result.</doc>
<status status="NOT RUN" start="2024-06-16T12:11:20.475380" elapsed="0.001001"/>
</kw>
<status status="NOT RUN" start="2024-06-16T12:11:20.475380" elapsed="0.001001"/>
</branch>
<status status="PASS" start="2024-06-16T12:11:20.475380" elapsed="0.001001"/>
</if>
<var name="${indice}">7</var>
<status status="PASS" start="2024-06-16T12:11:20.475380" elapsed="0.001001"/>
</iter>
<iter>
<if>
<branch type="IF" condition="${indice} % 2 == 0">
<kw name="Evaluate" owner="BuiltIn">
<msg time="2024-06-16T12:11:20.476381" level="INFO">${numerosPares} = 5</msg>
<var>${numerosPares}</var>
<arg>${numerosPares} + 1</arg>
<doc>Evaluates the given expression in Python and returns the result.</doc>
<status status="PASS" start="2024-06-16T12:11:20.476381" elapsed="0.000000"/>
</kw>
<status status="PASS" start="2024-06-16T12:11:20.476381" elapsed="0.000000"/>
</branch>
<status status="PASS" start="2024-06-16T12:11:20.476381" elapsed="0.000000"/>
</if>
<var name="${indice}">8</var>
<status status="PASS" start="2024-06-16T12:11:20.476381" elapsed="0.000000"/>
</iter>
<iter>
<if>
<branch type="IF" condition="${indice} % 2 == 0">
<kw name="Evaluate" owner="BuiltIn">
<var>${numerosPares}</var>
<arg>${numerosPares} + 1</arg>
<doc>Evaluates the given expression in Python and returns the result.</doc>
<status status="NOT RUN" start="2024-06-16T12:11:20.477381" elapsed="0.000000"/>
</kw>
<status status="NOT RUN" start="2024-06-16T12:11:20.477381" elapsed="0.000000"/>
</branch>
<status status="PASS" start="2024-06-16T12:11:20.477381" elapsed="0.000000"/>
</if>
<var name="${indice}">9</var>
<status status="PASS" start="2024-06-16T12:11:20.476381" elapsed="0.001000"/>
</iter>
<iter>
<if>
<branch type="IF" condition="${indice} % 2 == 0">
<kw name="Evaluate" owner="BuiltIn">
<msg time="2024-06-16T12:11:20.477381" level="INFO">${numerosPares} = 6</msg>
<var>${numerosPares}</var>
<arg>${numerosPares} + 1</arg>
<doc>Evaluates the given expression in Python and returns the result.</doc>
<status status="PASS" start="2024-06-16T12:11:20.477381" elapsed="0.000000"/>
</kw>
<status status="PASS" start="2024-06-16T12:11:20.477381" elapsed="0.000000"/>
</branch>
<status status="PASS" start="2024-06-16T12:11:20.477381" elapsed="0.001000"/>
</if>
<var name="${indice}">10</var>
<status status="PASS" start="2024-06-16T12:11:20.477381" elapsed="0.001000"/>
</iter>
<var>${indice}</var>
<value>11</value>
<status status="PASS" start="2024-06-16T12:11:20.471384" elapsed="0.006997"/>
</for>
<kw name="Log" owner="BuiltIn">
<msg time="2024-06-16T12:11:20.478381" level="INFO">O número de pares entre 0 e 10 é: 6</msg>
<arg>O número de pares entre 0 e 10 é: ${numerosPares}</arg>
<doc>Logs the given message with the given level.</doc>
<status status="PASS" start="2024-06-16T12:11:20.478381" elapsed="0.000000"/>
</kw>
<status status="PASS" start="2024-06-16T12:11:20.470384" elapsed="0.007997"/>
</kw>
<status status="PASS" start="2024-06-16T12:11:20.469387" elapsed="0.008994"/>
</test>
<test id="s1-t3" name="Exercicio For simples + lista" line="61">
<kw name="Exibir as frutas da lista">
<for flavor="IN">
<iter>
<kw name="Log" owner="BuiltIn">
<msg time="2024-06-16T12:11:20.481391" level="INFO">Morango</msg>
<arg>${listaFrutas}</arg>
<doc>Logs the given message with the given level.</doc>
<status status="PASS" start="2024-06-16T12:11:20.481391" elapsed="0.000995"/>
</kw>
<var name="${listaFrutas}">Morango</var>
<status status="PASS" start="2024-06-16T12:11:20.481391" elapsed="0.000995"/>
</iter>
<iter>
<kw name="Log" owner="BuiltIn">
<msg time="2024-06-16T12:11:20.482386" level="INFO">Manga</msg>
<arg>${listaFrutas}</arg>
<doc>Logs the given message with the given level.</doc>
<status status="PASS" start="2024-06-16T12:11:20.482386" elapsed="0.000000"/>
</kw>
<var name="${listaFrutas}">Manga</var>
<status status="PASS" start="2024-06-16T12:11:20.482386" elapsed="0.000000"/>
</iter>
<iter>
<kw name="Log" owner="BuiltIn">
<msg time="2024-06-16T12:11:20.483384" level="INFO">Abacaxi</msg>
<arg>${listaFrutas}</arg>
<doc>Logs the given message with the given level.</doc>
<status status="PASS" start="2024-06-16T12:11:20.482386" elapsed="0.000998"/>
</kw>
<var name="${listaFrutas}">Abacaxi</var>
<status status="PASS" start="2024-06-16T12:11:20.482386" elapsed="0.000998"/>
</iter>
<iter>
<kw name="Log" owner="BuiltIn">
<msg time="2024-06-16T12:11:20.484384" level="INFO">Uva</msg>
<arg>${listaFrutas}</arg>
<doc>Logs the given message with the given level.</doc>
<status status="PASS" start="2024-06-16T12:11:20.483384" elapsed="0.001000"/>
</kw>
<var name="${listaFrutas}">Uva</var>
<status status="PASS" start="2024-06-16T12:11:20.483384" elapsed="0.001000"/>
</iter>
<iter>
<kw name="Log" owner="BuiltIn">
<msg time="2024-06-16T12:11:20.484384" level="INFO">Goiaba</msg>
<arg>${listaFrutas}</arg>
<doc>Logs the given message with the given level.</doc>
<status status="PASS" start="2024-06-16T12:11:20.484384" elapsed="0.000000"/>
</kw>
<var name="${listaFrutas}">Goiaba</var>
<status status="PASS" start="2024-06-16T12:11:20.484384" elapsed="0.000000"/>
</iter>
<iter>
<kw name="Log" owner="BuiltIn">
<msg time="2024-06-16T12:11:20.484384" level="INFO">Maçã</msg>
<arg>${listaFrutas}</arg>
<doc>Logs the given message with the given level.</doc>
<status status="PASS" start="2024-06-16T12:11:20.484384" elapsed="0.001052"/>
</kw>
<var name="${listaFrutas}">Maçã</var>
<status status="PASS" start="2024-06-16T12:11:20.484384" elapsed="0.001052"/>
</iter>
<var>${listaFrutas}</var>
<value>@{FRUTAS}</value>
<status status="PASS" start="2024-06-16T12:11:20.481391" elapsed="0.004045"/>
</for>
<status status="PASS" start="2024-06-16T12:11:20.480381" elapsed="0.005055"/>
</kw>
<status status="PASS" start="2024-06-16T12:11:20.480381" elapsed="0.006055"/>
</test>
<test id="s1-t4" name="Teste - Alterar senha com sucesso" line="71">
<kw name="Criar credenciais de acesso" type="SETUP">
<kw name="Create Dictionary" owner="BuiltIn">
<msg time="2024-06-16T12:11:20.489386" level="INFO">&amp;{CREDENCIAIS} = { usuario=Marillia | senha=1234Teste }</msg>
<var>&amp;{CREDENCIAIS}</var>
<arg>usuario=Marillia</arg>
<arg>senha=1234Teste</arg>
<doc>Creates and returns a dictionary based on the given ``items``.</doc>
<status status="PASS" start="2024-06-16T12:11:20.489386" elapsed="0.000000"/>
</kw>
<kw name="Set Test Variable" owner="BuiltIn">
<msg time="2024-06-16T12:11:20.490388" level="INFO">${CREDENCIAIS} = {'usuario': 'Marillia', 'senha': '1234Teste'}</msg>
<arg>${CREDENCIAIS}</arg>
<doc>Makes a variable available everywhere within the scope of the current test.</doc>
<status status="PASS" start="2024-06-16T12:11:20.489386" elapsed="0.001002"/>
</kw>
<kw name="Log" owner="BuiltIn">
<msg time="2024-06-16T12:11:20.490388" level="INFO">Credenciais criadas: {'usuario': 'Marillia', 'senha': '1234Teste'}</msg>
<arg>Credenciais criadas: ${CREDENCIAIS}</arg>
<doc>Logs the given message with the given level.</doc>
<status status="PASS" start="2024-06-16T12:11:20.490388" elapsed="0.000000"/>
</kw>
<status status="PASS" start="2024-06-16T12:11:20.488382" elapsed="0.002006"/>
</kw>
<kw name="Alterar senha">
<kw name="Set Test Variable" owner="BuiltIn">
<msg time="2024-06-16T12:11:20.491389" level="INFO">${CREDENCIAIS.senha} = senhaAlterada123</msg>
<arg>${CREDENCIAIS.senha}</arg>
<arg>senhaAlterada123</arg>
<doc>Makes a variable available everywhere within the scope of the current test.</doc>
<status status="PASS" start="2024-06-16T12:11:20.491389" elapsed="0.000000"/>
</kw>
<kw name="Log" owner="BuiltIn">
<msg time="2024-06-16T12:11:20.492387" level="INFO">Senha alterada: senhaAlterada123</msg>
<arg>Senha alterada: ${CREDENCIAIS.senha}</arg>
<doc>Logs the given message with the given level.</doc>
<status status="PASS" start="2024-06-16T12:11:20.492387" elapsed="0.000000"/>
</kw>
<status status="PASS" start="2024-06-16T12:11:20.491389" elapsed="0.000998"/>
</kw>
<kw name="Retornar o valor inicial" type="TEARDOWN">
<kw name="Set Test Variable" owner="BuiltIn">
<msg time="2024-06-16T12:11:20.493389" level="INFO">${CREDENCIAIS.senha} = 1234Teste</msg>
<arg>${CREDENCIAIS.senha}</arg>
<arg>1234Teste</arg>
<doc>Makes a variable available everywhere within the scope of the current test.</doc>
<status status="PASS" start="2024-06-16T12:11:20.493389" elapsed="0.000000"/>
</kw>
<kw name="Log" owner="BuiltIn">
<msg time="2024-06-16T12:11:20.494388" level="INFO">Senha inicial: 1234Teste</msg>
<arg>Senha inicial: ${CREDENCIAIS.senha}</arg>
<doc>Logs the given message with the given level.</doc>
<status status="PASS" start="2024-06-16T12:11:20.493389" elapsed="0.000999"/>
</kw>
<status status="PASS" start="2024-06-16T12:11:20.493389" elapsed="0.000999"/>
</kw>
<status status="PASS" start="2024-06-16T12:11:20.488382" elapsed="0.006006"/>
</test>
<doc>Desafio PHA - Semana 2</doc>
<status status="PASS" start="2024-06-16T12:11:20.420857" elapsed="0.075530"/>
</suite>
<statistics>
<total>
<stat pass="4" fail="0" skip="0">All Tests</stat>
</total>
<tag>
</tag>
<suite>
<stat pass="4" fail="0" skip="0" id="s1" name="Desafio">Desafio</stat>
</suite>
</statistics>
<errors>
</errors>
</robot>
